C51 COMPILER V9.02   LCD                                                                   12/19/2016 15:16:27 PAGE 1   


C51 COMPILER V9.02, COMPILATION OF MODULE LCD
OBJECT MODULE PLACED IN lcd.obj
COMPILER INVOKED BY: C:\C51\BIN\C51.EXE 源文件\lcd.c BROWSE INCDIR(.\头文件) DEBUG OBJECTEXTEND PRINT(.\lcd.lst) OBJECT(
                    -lcd.obj)

line level    source

   1          #include"lcd.h"
   2          
   3          /*******************************************************************************
   4          * 函 数 名         : delay
   5          * 函数功能                 : 延时函数
   6          * 输    入         : i,j
   7          * 输    出         : 无
   8          * 说    名         : 该函数是在12MHZ晶振下，12分频单片机的延时。
   9          *******************************************************************************/
  10          
  11          void delay(uint i)
  12          {
  13   1              uint j;
  14   1              for(i;i>0;i--)
  15   1              for(j=110;j>0;j--);
  16   1      }
  17          
  18          /*******************************************************************************
  19          * 函 数 名         : lcdwrite_com
  20          * 函数功能                 : 向LCD写入一个字节的命令
  21          * 输    入         : com
  22          * 输    出         : 无
  23          *******************************************************************************/
  24          
  25          void lcdwrite_com(uchar com)        //写入命令
  26          {
  27   1              LCD1602_E=0;                    //使能
  28   1              LCD1602_RS=0;                   //选择发送命令
  29   1              LCD1602_RW=0;                   //选择写入
  30   1              
  31   1              P0=com;           //放入命令
  32   1              delay(1);                               //等待数据稳定
  33   1      
  34   1              LCD1602_E=1;                    //写入时序
  35   1              delay(5);                           //保持时间
  36   1              LCD1602_E=0;
  37   1      }
  38          
  39          /*******************************************************************************
  40          * 函 数 名         : lcdwrite_data
  41          * 函数功能                 : 向LCD写入一个字节的数据
  42          * 输    入         : dat
  43          * 输    出         : 无
  44          *******************************************************************************/
  45          
  46          void lcdwrite_data(uchar dat)           //写入数据
  47          {
  48   1              LCD1602_E=0;                    //使能清零
  49   1              LCD1602_RS=1;                   //选择输入数据
  50   1              LCD1602_RW=0;                   //选择写入
  51   1      
  52   1              P0=dat;                                                 //写入数据
  53   1              delay(1);
  54   1      
C51 COMPILER V9.02   LCD                                                                   12/19/2016 15:16:27 PAGE 2   

  55   1              LCD1602_E=1;                                    //写入时序
  56   1              delay(5);                                   //保持时间
  57   1              LCD1602_E=0;
  58   1      }
  59          
  60          /*******************************************************************************
  61          * 函 数 名       : lcdinit
  62          * 函数功能               : 初始化LCD屏
  63          * 输    入       : 无
  64          * 输    出       : 无
  65          *******************************************************************************/
  66          
  67          void lcdinit()                                           //LCD初始化子程序
  68          {
  69   1              lcdwrite_com(0x38);              //开显示
  70   1              lcdwrite_com(0x0c);              //开显示不显示光标
  71   1              lcdwrite_com(0x06);              //写一个指针加1
  72   1              lcdwrite_com(0x01);              //清屏
  73   1              lcdwrite_com(0x80);              //设置数据指针起点
  74   1      }


MODULE INFORMATION:   STATIC OVERLAYABLE
   CODE SIZE        =     92    ----
   CONSTANT SIZE    =   ----    ----
   XDATA SIZE       =   ----    ----
   PDATA SIZE       =   ----    ----
   DATA SIZE        =   ----    ----
   IDATA SIZE       =   ----    ----
   BIT SIZE         =   ----    ----
END OF MODULE INFORMATION.


C51 COMPILATION COMPLETE.  0 WARNING(S),  0 ERROR(S)
