C51 COMPILER V9.02   MO3                                                                   12/19/2016 15:16:27 PAGE 1   


C51 COMPILER V9.02, COMPILATION OF MODULE MO3
OBJECT MODULE PLACED IN mo3.obj
COMPILER INVOKED BY: C:\C51\BIN\C51.EXE 源文件\mo3.c BROWSE INCDIR(.\头文件) DEBUG OBJECTEXTEND PRINT(.\mo3.lst) OBJECT(
                    -mo3.obj)

line level    source

   1          #include"mo3.h"
   2          #include"mo1.h"
   3          #include"mo4.h"
   4          #include"mo5.h"
   5          #include"lcd.h"
   6          #include"keys.h"
   7          
   8          
   9          unsigned char code shu3[]="0123456789";
  10          void mo3 ()
  11          {
  12   1              TMOD=0x01;
  13   1                      TH0=(65536-50000)/256;
  14   1                              TL0=(65536-50000)%256;
  15   1                              EA=1;
  16   1                              ET0=1;TR0=1;                                                                                                                                 //打开计时器
  17   1                      tt8:lcdinit();
*** WARNING C206 IN LINE 17 OF 源文件\MO3.C: 'lcdinit': missing function-prototype
  18   1                              if(r==3)
  19   1                              {
  20   2                                      goto tt9;
  21   2                              }
  22   1                              while(1)
  23   1                              {                                                                       
  24   2                                      lcdwrite_com (0xc0);
  25   2                                      lcdwrite_data(shu3[m1]);
  26   2              
  27   2                                      lcdwrite_com (0xc1);
  28   2                                      lcdwrite_data(shu3[m2]);
  29   2              
  30   2                                      lcdwrite_com (0xc2);
  31   2                                      lcdwrite_data(':');
  32   2              
  33   2                                      lcdwrite_com (0xc3);
  34   2                                      lcdwrite_data(shu3[s1]);
  35   2              
  36   2                                      lcdwrite_com (0xc4);
  37   2                                      lcdwrite_data(shu3[s2]);
  38   2                                                                         
  39   2                              key=0x0f;                                                                                 
  40   2                                      if(key!=0x0f)
  41   2                                      {
  42   3                                              
  43   3                                          uchar wei[4]={0x80,0x81,0x82,0x83};
  44   3                                              keys();                                                                                                                   
  45   3                                              if(z==0)
  46   3                                              {
  47   4                                                  a2=m;
  48   4                                                  m=0;
  49   4                                                      lcdwrite_com (wei[0]);                                              
  50   4                                                      lcdwrite_data (shu3[a2]);                                                       //第一位密码w
  51   4                                              }
  52   3                                              if(z==1)
  53   3                                              {
C51 COMPILER V9.02   MO3                                                                   12/19/2016 15:16:27 PAGE 2   

  54   4                                                      b2=m;
  55   4                                                      m=0;
  56   4                                                      lcdwrite_com (wei[1]);                                              
  57   4                                                      lcdwrite_data (shu3[b2]);                                                          //第二位密码w
  58   4                                              }
  59   3                                              if(z==2)
  60   3                                              {
  61   4                                                      c2=m;
  62   4                                                      m=0;
  63   4                                                      lcdwrite_com (wei[2]);                                        //第三位密码w     
  64   4                                                      lcdwrite_data (shu3[c2]);
  65   4                                              }
  66   3                                              if(z==3)
  67   3                                              {
  68   4                                                      d2=m;
  69   4                                                      m=0;                                                                                  //第四位密码z
  70   4                                                      lcdwrite_com (wei[3]);                                              
  71   4                                                      lcdwrite_data (shu3[d2]);
  72   4                                                      goto tt7;                                               
  73   4                                              }
  74   3                                              z++;                               
  75   3                                      }                                                                                                                                                                                                                               
  76   2                              }               
  77   1                              tt7:delay(1);
  78   1                                      if(a1==a2 & b1==b2)
  79   1                                      {                               
  80   2                                              if(c1==c2 & d1==d2)
  81   2                                              {
  82   3                                                      void mo5 ();                                         /*******密码正确时执行的命令***************模块5********************/
  83   3                                              }
  84   2                                      }
  85   1                                      else
  86   1                                      {       
  87   2                                              z=0;
  88   2                                              r++;
  89   2                                              goto tt8;
  90   2                                      }
  91   1                                      
  92   1                              tt9:while(1);                                                                            /*******密码输错三次执行的命令*******模块4***************/                                                                                                                     
  93   1      }


MODULE INFORMATION:   STATIC OVERLAYABLE
   CODE SIZE        =    370    ----
   CONSTANT SIZE    =     15    ----
   XDATA SIZE       =   ----    ----
   PDATA SIZE       =   ----    ----
   DATA SIZE        =   ----       4
   IDATA SIZE       =   ----    ----
   BIT SIZE         =   ----    ----
END OF MODULE INFORMATION.


C51 COMPILATION COMPLETE.  1 WARNING(S),  0 ERROR(S)
