C51 COMPILER V9.02   MO4                                                                   12/19/2016 15:16:27 PAGE 1   


C51 COMPILER V9.02, COMPILATION OF MODULE MO4
OBJECT MODULE PLACED IN mo4.obj
COMPILER INVOKED BY: C:\C51\BIN\C51.EXE 源文件\mo4.c BROWSE INCDIR(.\头文件) DEBUG OBJECTEXTEND PRINT(.\mo4.lst) OBJECT(
                    -mo4.obj)

line level    source

   1          #include"mo4.h"
   2          
   3          void mo4 ()
   4          {
   5   1              while(1);
   6   1      }


MODULE INFORMATION:   STATIC OVERLAYABLE
   CODE SIZE        =      2    ----
   CONSTANT SIZE    =   ----    ----
   XDATA SIZE       =   ----    ----
   PDATA SIZE       =   ----    ----
   DATA SIZE        =   ----    ----
   IDATA SIZE       =   ----    ----
   BIT SIZE         =   ----    ----
END OF MODULE INFORMATION.


C51 COMPILATION COMPLETE.  0 WARNING(S),  0 ERROR(S)
