C51 COMPILER V9.02   MO5                                                                   12/19/2016 15:16:27 PAGE 1   


C51 COMPILER V9.02, COMPILATION OF MODULE MO5
OBJECT MODULE PLACED IN mo5.obj
COMPILER INVOKED BY: C:\C51\BIN\C51.EXE 源文件\mo5.c BROWSE INCDIR(.\头文件) DEBUG OBJECTEXTEND PRINT(.\mo5.lst) OBJECT(
                    -mo5.obj)

line level    source

   1          #include"mo5.h"
   2          
   3          void mo5 ()
   4          {
   5   1              while(1);
   6   1      }
   7          


MODULE INFORMATION:   STATIC OVERLAYABLE
   CODE SIZE        =      2    ----
   CONSTANT SIZE    =   ----    ----
   XDATA SIZE       =   ----    ----
   PDATA SIZE       =   ----    ----
   DATA SIZE        =   ----    ----
   IDATA SIZE       =   ----    ----
   BIT SIZE         =   ----    ----
END OF MODULE INFORMATION.


C51 COMPILATION COMPLETE.  0 WARNING(S),  0 ERROR(S)
